Running: fuse.exe -relaunch -intstyle "ise" -incremental -lib "secureip" -o "C:/Users/Hosein/Documents/MyUniverse/Mathematics/E-Books/Cryptography/Alim/AES-VHDL/AES-DEC/XilinxProject/aes-dec/test_dec_isim_beh.exe" -prj "C:/Users/Hosein/Documents/MyUniverse/Mathematics/E-Books/Cryptography/Alim/AES-VHDL/AES-DEC/XilinxProject/aes-dec/test_dec_beh.prj" "work.test_dec" 
ISim P.20131013 (signature 0x7708f090)
Number of CPUs detected in this system: 8
Turning on mult-threading, number of parallel sub-compilation jobs: 16 
Determining compilation order of HDL files
Parsing VHDL file "C:/Users/Hosein/Documents/MyUniverse/Mathematics/E-Books/Cryptography/Alim/AES-VHDL/AES-DEC/XilinxProject/aes-dec/../../RTL/gfmult_by2.vhd" into library work
Parsing VHDL file "C:/Users/Hosein/Documents/MyUniverse/Mathematics/E-Books/Cryptography/Alim/AES-VHDL/AES-DEC/XilinxProject/aes-dec/../../RTL/sbox.vhd" into library work
Parsing VHDL file "C:/Users/Hosein/Documents/MyUniverse/Mathematics/E-Books/Cryptography/Alim/AES-VHDL/AES-DEC/XilinxProject/aes-dec/../../RTL/column_calculator.vhd" into library work
Parsing VHDL file "C:/Users/Hosein/Documents/MyUniverse/Mathematics/E-Books/Cryptography/Alim/AES-VHDL/AES-DEC/XilinxProject/aes-dec/../../RTL/reg.vhd" into library work
Parsing VHDL file "C:/Users/Hosein/Documents/MyUniverse/Mathematics/E-Books/Cryptography/Alim/AES-VHDL/AES-DEC/XilinxProject/aes-dec/../../RTL/inv_sbox.vhd" into library work
Parsing VHDL file "C:/Users/Hosein/Documents/MyUniverse/Mathematics/E-Books/Cryptography/Alim/AES-VHDL/AES-DEC/XilinxProject/aes-dec/../../RTL/inv_key_sch_round_function.vhd" into library work
Parsing VHDL file "C:/Users/Hosein/Documents/MyUniverse/Mathematics/E-Books/Cryptography/Alim/AES-VHDL/AES-DEC/XilinxProject/aes-dec/../../RTL/inv_column_calculator.vhd" into library work
Parsing VHDL file "C:/Users/Hosein/Documents/MyUniverse/Mathematics/E-Books/Cryptography/Alim/AES-VHDL/AES-DEC/XilinxProject/aes-dec/../../RTL/key_schedule.vhd" into library work
Parsing VHDL file "C:/Users/Hosein/Documents/MyUniverse/Mathematics/E-Books/Cryptography/Alim/AES-VHDL/AES-DEC/XilinxProject/aes-dec/../../RTL/inv_sub_byte.vhd" into library work
Parsing VHDL file "C:/Users/Hosein/Documents/MyUniverse/Mathematics/E-Books/Cryptography/Alim/AES-VHDL/AES-DEC/XilinxProject/aes-dec/../../RTL/inv_shift_rwos.vhd" into library work
Parsing VHDL file "C:/Users/Hosein/Documents/MyUniverse/Mathematics/E-Books/Cryptography/Alim/AES-VHDL/AES-DEC/XilinxProject/aes-dec/../../RTL/inv_mix_columns.vhd" into library work
Parsing VHDL file "C:/Users/Hosein/Documents/MyUniverse/Mathematics/E-Books/Cryptography/Alim/AES-VHDL/AES-DEC/XilinxProject/aes-dec/../../RTL/controller.vhd" into library work
Parsing VHDL file "C:/Users/Hosein/Documents/MyUniverse/Mathematics/E-Books/Cryptography/Alim/AES-VHDL/AES-DEC/XilinxProject/aes-dec/../../RTL/add_round_key.vhd" into library work
Parsing VHDL file "C:/Users/Hosein/Documents/MyUniverse/Mathematics/E-Books/Cryptography/Alim/AES-VHDL/AES-DEC/XilinxProject/aes-dec/../../RTL/aes_dec.vhd" into library work
Parsing VHDL file "C:/Users/Hosein/Documents/MyUniverse/Mathematics/E-Books/Cryptography/Alim/AES-VHDL/AES-DEC/XilinxProject/aes-dec/../../Testbench/dec_tb.vhd" into library work
Starting static elaboration
Completed static elaboration
Compiling package standard
Compiling package std_logic_1164
Compiling package numeric_std
Compiling architecture behavioral of entity reg [\reg(128)\]
Compiling architecture rtl of entity add_round_key [add_round_key_default]
Compiling architecture behavioral of entity gfmult_by2 [gfmult_by2_default]
Compiling architecture rtl of entity column_calculator [column_calculator_default]
Compiling architecture rtl of entity inv_column_calculator [inv_column_calculator_default]
Compiling architecture rtl of entity inv_mix_columns [inv_mix_columns_default]
Compiling architecture rtl of entity inv_shift_rows [inv_shift_rows_default]
Compiling architecture behavioral of entity inv_sbox [inv_sbox_default]
Compiling architecture behavioral of entity inv_sub_byte [inv_sub_byte_default]
Compiling architecture behavioral of entity sbox [sbox_default]
Compiling architecture behavioral of entity inv_ksch_round_func [inv_ksch_round_func_default]
Compiling architecture behavioral of entity key_schedule [key_schedule_default]
Compiling architecture behavioral of entity controller [controller_default]
Compiling architecture rtl of entity aes_dec [aes_dec_default]
Compiling architecture behavior of entity test_dec
Time Resolution for simulation is 1ps.
Waiting for 1 sub-compilation(s) to finish...
Compiled 32 VHDL Units
Built simulation executable C:/Users/Hosein/Documents/MyUniverse/Mathematics/E-Books/Cryptography/Alim/AES-VHDL/AES-DEC/XilinxProject/aes-dec/test_dec_isim_beh.exe
Fuse Memory Usage: 36564 KB
Fuse CPU Usage: 1468 ms
