ISim log file
Running: C:\Users\Hosein\Documents\MyUniverse\Mathematics\E-Books\Cryptography\Alim\AES-VHDL\AES-DEC\XilinxProject\aes-dec\test_dec_isim_beh.exe -intstyle ise -gui -tclbatch isim.cmd -wdb C:/Users/Hosein/Documents/MyUniverse/Mathematics/E-Books/Cryptography/Alim/AES-VHDL/AES-DEC/XilinxProject/aes-dec/test_dec_isim_beh.wdb 
ISim P.20131013 (signature 0x7708f090)
This is a Full version of ISim.
Time resolution is 1 ps
# onerror resume
# wave add /
# run 120 ns
Simulator is doing circuit initialization process.
Finished circuit initialization process.
at 110 ns: Note: ---------- Passed ---------- (/test_dec/).
at 110 ns: Note: ---------- Output must be: ------- (/test_dec/).
at 110 ns: Note: 340737e0a29831318d305a88a8f64332 (/test_dec/).
# restart
# run 120 ns
Simulator is doing circuit initialization process.
Finished circuit initialization process.
at 110 ns: Note: ---------- Passed ---------- (/test_dec/).
at 110 ns: Note: ---------- Output must be: ------- (/test_dec/).
at 110 ns: Note: 340737e0a29831318d305a88a8f64332 (/test_dec/).
# restart
# run 120 ns
Simulator is doing circuit initialization process.
Finished circuit initialization process.
at 110 ns: Note: ---------- Passed ---------- (/test_dec/).
at 110 ns: Note: ---------- Output must be: ------- (/test_dec/).
at 110 ns: Note: 340737e0a29831318d305a88a8f64332 (/test_dec/).
# restart
# restart
# restart
# restart
# restart
# restart
# run 120 ns
Simulator is doing circuit initialization process.
Finished circuit initialization process.
at 110 ns: Note: ---------- Passed ---------- (/test_dec/).
at 110 ns: Note: ---------- Output must be: ------- (/test_dec/).
at 110 ns: Note: 340737e0a29831318d305a88a8f64332 (/test_dec/).
# restart
# run 120 ns
Simulator is doing circuit initialization process.
Finished circuit initialization process.
at 110 ns: Note: ---------- Passed ---------- (/test_dec/).
at 110 ns: Note: ---------- Output must be: ------- (/test_dec/).
at 110 ns: Note: 340737e0a29831318d305a88a8f64332 (/test_dec/).
# restart
# run 120 ns
Simulator is doing circuit initialization process.
Finished circuit initialization process.
at 110 ns: Note: ---------- Passed ---------- (/test_dec/).
at 110 ns: Note: ---------- Output must be: ------- (/test_dec/).
at 110 ns: Note: 340737e0a29831318d305a88a8f64332 (/test_dec/).
# restart
# run 120 ns
Simulator is doing circuit initialization process.
Finished circuit initialization process.
at 110 ns: Note: ---------- Passed ---------- (/test_dec/).
at 110 ns: Note: ---------- Output must be: ------- (/test_dec/).
at 110 ns: Note: 340737e0a29831318d305a88a8f64332 (/test_dec/).
# restart
ISim P.20131013 (signature 0x7708f090)
This is a Full version of ISim.
# run 120 ns
Simulator is doing circuit initialization process.
Finished circuit initialization process.
at 110 ns: Note: ---------- Passed ---------- (/test_dec/).
at 110 ns: Note: ---------- Output must be: ------- (/test_dec/).
at 110 ns: Note: 340737e0a29831318d305a88a8f64332 (/test_dec/).
# restart
# run 120 ns
Simulator is doing circuit initialization process.
Finished circuit initialization process.
at 110 ns: Note: ---------- Passed ---------- (/test_dec/).
at 110 ns: Note: ---------- Output must be: ------- (/test_dec/).
at 110 ns: Note: 340737e0a29831318d305a88a8f64332 (/test_dec/).
# restart
# run 120 ns
Simulator is doing circuit initialization process.
Finished circuit initialization process.
at 110 ns: Note: ---------- Passed ---------- (/test_dec/).
at 110 ns: Note: ---------- Output must be: ------- (/test_dec/).
at 110 ns: Note: 340737e0a29831318d305a88a8f64332 (/test_dec/).
# restart
# run 120 ns
Simulator is doing circuit initialization process.
Finished circuit initialization process.
at 110 ns: Note: ---------- Passed ---------- (/test_dec/).
at 110 ns: Note: ---------- Output must be: ------- (/test_dec/).
at 110 ns: Note: 340737e0a29831318d305a88a8f64332 (/test_dec/).
# restart
# run 120 ns
Simulator is doing circuit initialization process.
Finished circuit initialization process.
at 110 ns: Note: ---------- Passed ---------- (/test_dec/).
at 110 ns: Note: ---------- Output must be: ------- (/test_dec/).
at 110 ns: Note: 340737e0a29831318d305a88a8f64332 (/test_dec/).
ISim P.20131013 (signature 0x7708f090)
This is a Full version of ISim.
# run 120 ns
Simulator is doing circuit initialization process.
Finished circuit initialization process.
at 110 ns: Note: ---------- Passed ---------- (/test_dec/).
at 110 ns: Note: ---------- Output must be: ------- (/test_dec/).
at 110 ns: Note: 340737e0a29831318d305a88a8f64332 (/test_dec/).
# restart
# run 120 ns
Simulator is doing circuit initialization process.
Finished circuit initialization process.
at 110 ns: Note: ---------- Passed ---------- (/test_dec/).
at 110 ns: Note: ---------- Output must be: ------- (/test_dec/).
at 110 ns: Note: 340737e0a29831318d305a88a8f64332 (/test_dec/).
