ISim log file
Running: C:\Users\Hosein\Documents\MyUniverse\Mathematics\E-Books\Cryptography\Alim\MyAES\AES\test_enc_isim_beh.exe -intstyle ise -gui -tclbatch isim.cmd -wdb C:/Users/Hosein/Documents/MyUniverse/Mathematics/E-Books/Cryptography/Alim/MyAES/AES/test_enc_isim_beh.wdb 
ISim P.20131013 (signature 0x7708f090)
This is a Full version of ISim.
Time resolution is 1 ps
# onerror resume
# wave add /
# run 1000 ns
Simulator is doing circuit initialization process.
Finished circuit initialization process.
at 130 ns: Note: ---------- Passed ---------- (/test_enc/).
at 130 ns: Note: ---------- Output must be: ------- (/test_enc/).
at 130 ns: Note: 320b6a19978511dcfb09dc021d842539 (/test_enc/).
# restart
# run 150 ns
Simulator is doing circuit initialization process.
Finished circuit initialization process.
at 130 ns: Note: ---------- Passed ---------- (/test_enc/).
at 130 ns: Note: ---------- Output must be: ------- (/test_enc/).
at 130 ns: Note: 320b6a19978511dcfb09dc021d842539 (/test_enc/).
